<?xml version="1.0" encoding="UTF-8"?>
<!-- Generated by org.testng.reporters.JUnitXMLReporter -->
<testsuite ignored="0" hostname="Dell7000" failures="0" tests="5" name="Default test" time="3.478" errors="0" timestamp="2020-06-18T13:38:33 EDT">
  <testcase classname="com.deckofcardsapi.testcases.GetNewDeckAPITests" name="checkHeaderContent" time="0.011"/>
  <testcase classname="com.deckofcardsapi.testcases.GetNewDeckAPITests" name="checkResponseKey" time="0.023"/>
  <testcase classname="com.deckofcardsapi.testcases.GetNewDeckAPITests" name="checkResponseKeyAndValue" time="0.6"/>
  <testcase classname="com.deckofcardsapi.testcases.GetNewDeckAPITests" name="checkResponseTime" time="0.002"/>
  <testcase classname="com.deckofcardsapi.testcases.GetNewDeckAPITests" name="checkStatusCode" time="0.004"/>
</testsuite> <!-- Default test -->
