<?xml version="1.0" encoding="UTF-8"?>
<!-- Generated by org.testng.reporters.JUnitXMLReporter -->
<testsuite ignored="0" hostname="Dell7000" failures="0" tests="6" name="APITest" time="3.78" errors="0" timestamp="2020-06-18T13:38:55 EDT">
  <testcase classname="com.deckofcardsapi.testcases.GetNewDeckAPITests" name="checkHeaderContent" time="0.008"/>
  <testcase classname="com.deckofcardsapi.testcases.GetNewDeckAPITests" name="checkResponseKey" time="0.041"/>
  <testcase classname="com.deckofcardsapi.testcases.GetNewDeckAPITests" name="checkResponseKeyAndValue" time="0.567"/>
  <testcase classname="com.deckofcardsapi.testcases.GetNewDeckAPITests" name="checkResponseTime" time="0.001"/>
  <testcase classname="com.deckofcardsapi.testcases.GetNewDeckAPITests" name="checkStatusCode" time="0.003"/>
  <testcase classname="com.deckofcardsapi.testcases.GetDrawCardsAPITests" name="checkResponseKeyAndValue" time="0.048"/>
</testsuite> <!-- APITest -->
