<?xml version="1.0" encoding="UTF-8"?>
<testng-results ignored="0" total="5" passed="5" failed="0" skipped="0">
  <reporter-output>
  </reporter-output>
  <suite started-at="2020-06-18T13:38:30 EDT" name="Default suite" finished-at="2020-06-18T13:38:33 EDT" duration-ms="3478">
    <groups>
    </groups>
    <test started-at="2020-06-18T13:38:30 EDT" name="Default test" finished-at="2020-06-18T13:38:33 EDT" duration-ms="3478">
      <class name="com.deckofcardsapi.testcases.GetNewDeckAPITests">
        <test-method is-config="true" signature="setup()[pri:0, instance:com.deckofcardsapi.testcases.GetNewDeckAPITests@5f16132a]" started-at="2020-06-18T13:38:30 EDT" name="setup" finished-at="2020-06-18T13:38:30 EDT" duration-ms="766" status="PASS">
          <reporter-output>
          </reporter-output>
        </test-method> <!-- setup -->
        <test-method is-config="true" signature="getAPITest()[pri:0, instance:com.deckofcardsapi.testcases.GetNewDeckAPITests@5f16132a]" started-at="2020-06-18T13:38:30 EDT" name="getAPITest" finished-at="2020-06-18T13:38:32 EDT" duration-ms="1264" status="PASS">
          <reporter-output>
          </reporter-output>
        </test-method> <!-- getAPITest -->
        <test-method signature="checkHeaderContent()[pri:0, instance:com.deckofcardsapi.testcases.GetNewDeckAPITests@5f16132a]" started-at="2020-06-18T13:38:32 EDT" name="checkHeaderContent" finished-at="2020-06-18T13:38:32 EDT" duration-ms="11" status="PASS">
          <reporter-output>
          </reporter-output>
        </test-method> <!-- checkHeaderContent -->
        <test-method is-config="true" signature="teardown()[pri:0, instance:com.deckofcardsapi.testcases.GetNewDeckAPITests@5f16132a]" started-at="2020-06-18T13:38:32 EDT" name="teardown" finished-at="2020-06-18T13:38:32 EDT" duration-ms="6" status="PASS">
          <reporter-output>
          </reporter-output>
        </test-method> <!-- teardown -->
        <test-method is-config="true" signature="getAPITest()[pri:0, instance:com.deckofcardsapi.testcases.GetNewDeckAPITests@5f16132a]" started-at="2020-06-18T13:38:32 EDT" name="getAPITest" finished-at="2020-06-18T13:38:32 EDT" duration-ms="147" status="PASS">
          <reporter-output>
          </reporter-output>
        </test-method> <!-- getAPITest -->
        <test-method signature="checkResponseKey()[pri:0, instance:com.deckofcardsapi.testcases.GetNewDeckAPITests@5f16132a]" started-at="2020-06-18T13:38:32 EDT" name="checkResponseKey" finished-at="2020-06-18T13:38:32 EDT" duration-ms="23" status="PASS">
          <reporter-output>
          </reporter-output>
        </test-method> <!-- checkResponseKey -->
        <test-method is-config="true" signature="teardown()[pri:0, instance:com.deckofcardsapi.testcases.GetNewDeckAPITests@5f16132a]" started-at="2020-06-18T13:38:32 EDT" name="teardown" finished-at="2020-06-18T13:38:32 EDT" duration-ms="2" status="PASS">
          <reporter-output>
          </reporter-output>
        </test-method> <!-- teardown -->
        <test-method is-config="true" signature="getAPITest()[pri:0, instance:com.deckofcardsapi.testcases.GetNewDeckAPITests@5f16132a]" started-at="2020-06-18T13:38:32 EDT" name="getAPITest" finished-at="2020-06-18T13:38:32 EDT" duration-ms="202" status="PASS">
          <reporter-output>
          </reporter-output>
        </test-method> <!-- getAPITest -->
        <test-method signature="checkResponseKeyAndValue()[pri:0, instance:com.deckofcardsapi.testcases.GetNewDeckAPITests@5f16132a]" started-at="2020-06-18T13:38:32 EDT" name="checkResponseKeyAndValue" finished-at="2020-06-18T13:38:33 EDT" duration-ms="600" status="PASS">
          <reporter-output>
          </reporter-output>
        </test-method> <!-- checkResponseKeyAndValue -->
        <test-method is-config="true" signature="teardown()[pri:0, instance:com.deckofcardsapi.testcases.GetNewDeckAPITests@5f16132a]" started-at="2020-06-18T13:38:33 EDT" name="teardown" finished-at="2020-06-18T13:38:33 EDT" duration-ms="1" status="PASS">
          <reporter-output>
          </reporter-output>
        </test-method> <!-- teardown -->
        <test-method is-config="true" signature="getAPITest()[pri:0, instance:com.deckofcardsapi.testcases.GetNewDeckAPITests@5f16132a]" started-at="2020-06-18T13:38:33 EDT" name="getAPITest" finished-at="2020-06-18T13:38:33 EDT" duration-ms="173" status="PASS">
          <reporter-output>
          </reporter-output>
        </test-method> <!-- getAPITest -->
        <test-method signature="checkResponseTime()[pri:0, instance:com.deckofcardsapi.testcases.GetNewDeckAPITests@5f16132a]" started-at="2020-06-18T13:38:33 EDT" name="checkResponseTime" finished-at="2020-06-18T13:38:33 EDT" duration-ms="2" status="PASS">
          <reporter-output>
          </reporter-output>
        </test-method> <!-- checkResponseTime -->
        <test-method is-config="true" signature="teardown()[pri:0, instance:com.deckofcardsapi.testcases.GetNewDeckAPITests@5f16132a]" started-at="2020-06-18T13:38:33 EDT" name="teardown" finished-at="2020-06-18T13:38:33 EDT" duration-ms="0" status="PASS">
          <reporter-output>
          </reporter-output>
        </test-method> <!-- teardown -->
        <test-method is-config="true" signature="getAPITest()[pri:0, instance:com.deckofcardsapi.testcases.GetNewDeckAPITests@5f16132a]" started-at="2020-06-18T13:38:33 EDT" name="getAPITest" finished-at="2020-06-18T13:38:33 EDT" duration-ms="218" status="PASS">
          <reporter-output>
          </reporter-output>
        </test-method> <!-- getAPITest -->
        <test-method signature="checkStatusCode()[pri:0, instance:com.deckofcardsapi.testcases.GetNewDeckAPITests@5f16132a]" started-at="2020-06-18T13:38:33 EDT" name="checkStatusCode" finished-at="2020-06-18T13:38:33 EDT" duration-ms="4" status="PASS">
          <reporter-output>
          </reporter-output>
        </test-method> <!-- checkStatusCode -->
        <test-method is-config="true" signature="teardown()[pri:0, instance:com.deckofcardsapi.testcases.GetNewDeckAPITests@5f16132a]" started-at="2020-06-18T13:38:33 EDT" name="teardown" finished-at="2020-06-18T13:38:33 EDT" duration-ms="2" status="PASS">
          <reporter-output>
          </reporter-output>
        </test-method> <!-- teardown -->
      </class> <!-- com.deckofcardsapi.testcases.GetNewDeckAPITests -->
    </test> <!-- Default test -->
  </suite> <!-- Default suite -->
</testng-results>
