<?xml version="1.0" encoding="UTF-8"?>
<testsuite xmlns:xsi="http://www.w3.org/2001/XMLSchema-instance" xsi:noNamespaceSchemaLocation="https://maven.apache.org/surefire/maven-surefire-plugin/xsd/surefire-test-report-3.0.xsd" version="3.0" name="TestSuite" time="5.035" tests="6" errors="0" skipped="0" failures="0">
  <properties>
[...]
</properties>
  <testcase name="checkHeaderContent" classname="com.deckofcardsapi.testcases.GetNewDeckAPITests" time="0.01"/>
  <testcase name="checkResponseKey" classname="com.deckofcardsapi.testcases.GetNewDeckAPITests" time="0.041"/>
  <testcase name="checkResponseKeyAndValue" classname="com.deckofcardsapi.testcases.GetNewDeckAPITests" time="0.567"/>
  <testcase name="checkResponseTime" classname="com.deckofcardsapi.testcases.GetNewDeckAPITests" time="0.008"/>
  <testcase name="checkStatusCode" classname="com.deckofcardsapi.testcases.GetNewDeckAPITests" time="0.021"/>
  <testcase name="checkResponseKeyAndValue" classname="com.deckofcardsapi.testcases.GetDrawCardsAPITests" time="0.048"/>
</testsuite>