<?xml version="1.0" encoding="UTF-8"?>
<testng-results ignored="0" total="6" passed="6" failed="0" skipped="0">
  <reporter-output>
  </reporter-output>
  <suite started-at="2020-06-18T13:38:51 EDT" name="APISuite" finished-at="2020-06-18T13:38:55 EDT" duration-ms="3780">
    <groups>
    </groups>
    <test started-at="2020-06-18T13:38:51 EDT" name="APITest" finished-at="2020-06-18T13:38:55 EDT" duration-ms="3780">
      <class name="com.deckofcardsapi.testcases.GetNewDeckAPITests">
        <test-method is-config="true" signature="setup()[pri:0, instance:com.deckofcardsapi.testcases.GetNewDeckAPITests@6a2f6f80]" started-at="2020-06-18T13:38:51 EDT" name="setup" finished-at="2020-06-18T13:38:52 EDT" duration-ms="633" status="PASS">
          <reporter-output>
          </reporter-output>
        </test-method> <!-- setup -->
        <test-method is-config="true" signature="getAPITest()[pri:0, instance:com.deckofcardsapi.testcases.GetNewDeckAPITests@6a2f6f80]" started-at="2020-06-18T13:38:52 EDT" name="getAPITest" finished-at="2020-06-18T13:38:53 EDT" duration-ms="1298" status="PASS">
          <reporter-output>
          </reporter-output>
        </test-method> <!-- getAPITest -->
        <test-method signature="checkHeaderContent()[pri:0, instance:com.deckofcardsapi.testcases.GetNewDeckAPITests@6a2f6f80]" started-at="2020-06-18T13:38:53 EDT" name="checkHeaderContent" finished-at="2020-06-18T13:38:53 EDT" duration-ms="8" status="PASS">
          <reporter-output>
          </reporter-output>
        </test-method> <!-- checkHeaderContent -->
        <test-method is-config="true" signature="teardown()[pri:0, instance:com.deckofcardsapi.testcases.GetNewDeckAPITests@6a2f6f80]" started-at="2020-06-18T13:38:53 EDT" name="teardown" finished-at="2020-06-18T13:38:53 EDT" duration-ms="6" status="PASS">
          <reporter-output>
          </reporter-output>
        </test-method> <!-- teardown -->
        <test-method is-config="true" signature="getAPITest()[pri:0, instance:com.deckofcardsapi.testcases.GetNewDeckAPITests@6a2f6f80]" started-at="2020-06-18T13:38:53 EDT" name="getAPITest" finished-at="2020-06-18T13:38:53 EDT" duration-ms="184" status="PASS">
          <reporter-output>
          </reporter-output>
        </test-method> <!-- getAPITest -->
        <test-method signature="checkResponseKey()[pri:0, instance:com.deckofcardsapi.testcases.GetNewDeckAPITests@6a2f6f80]" started-at="2020-06-18T13:38:53 EDT" name="checkResponseKey" finished-at="2020-06-18T13:38:53 EDT" duration-ms="41" status="PASS">
          <reporter-output>
          </reporter-output>
        </test-method> <!-- checkResponseKey -->
        <test-method is-config="true" signature="teardown()[pri:0, instance:com.deckofcardsapi.testcases.GetNewDeckAPITests@6a2f6f80]" started-at="2020-06-18T13:38:53 EDT" name="teardown" finished-at="2020-06-18T13:38:53 EDT" duration-ms="1" status="PASS">
          <reporter-output>
          </reporter-output>
        </test-method> <!-- teardown -->
        <test-method is-config="true" signature="getAPITest()[pri:0, instance:com.deckofcardsapi.testcases.GetNewDeckAPITests@6a2f6f80]" started-at="2020-06-18T13:38:53 EDT" name="getAPITest" finished-at="2020-06-18T13:38:53 EDT" duration-ms="181" status="PASS">
          <reporter-output>
          </reporter-output>
        </test-method> <!-- getAPITest -->
        <test-method signature="checkResponseKeyAndValue()[pri:0, instance:com.deckofcardsapi.testcases.GetNewDeckAPITests@6a2f6f80]" started-at="2020-06-18T13:38:53 EDT" name="checkResponseKeyAndValue" finished-at="2020-06-18T13:38:54 EDT" duration-ms="567" status="PASS">
          <reporter-output>
          </reporter-output>
        </test-method> <!-- checkResponseKeyAndValue -->
        <test-method is-config="true" signature="teardown()[pri:0, instance:com.deckofcardsapi.testcases.GetNewDeckAPITests@6a2f6f80]" started-at="2020-06-18T13:38:54 EDT" name="teardown" finished-at="2020-06-18T13:38:54 EDT" duration-ms="1" status="PASS">
          <reporter-output>
          </reporter-output>
        </test-method> <!-- teardown -->
        <test-method is-config="true" signature="getAPITest()[pri:0, instance:com.deckofcardsapi.testcases.GetNewDeckAPITests@6a2f6f80]" started-at="2020-06-18T13:38:54 EDT" name="getAPITest" finished-at="2020-06-18T13:38:54 EDT" duration-ms="183" status="PASS">
          <reporter-output>
          </reporter-output>
        </test-method> <!-- getAPITest -->
        <test-method signature="checkResponseTime()[pri:0, instance:com.deckofcardsapi.testcases.GetNewDeckAPITests@6a2f6f80]" started-at="2020-06-18T13:38:54 EDT" name="checkResponseTime" finished-at="2020-06-18T13:38:54 EDT" duration-ms="1" status="PASS">
          <reporter-output>
          </reporter-output>
        </test-method> <!-- checkResponseTime -->
        <test-method is-config="true" signature="teardown()[pri:0, instance:com.deckofcardsapi.testcases.GetNewDeckAPITests@6a2f6f80]" started-at="2020-06-18T13:38:54 EDT" name="teardown" finished-at="2020-06-18T13:38:54 EDT" duration-ms="1" status="PASS">
          <reporter-output>
          </reporter-output>
        </test-method> <!-- teardown -->
        <test-method is-config="true" signature="getAPITest()[pri:0, instance:com.deckofcardsapi.testcases.GetNewDeckAPITests@6a2f6f80]" started-at="2020-06-18T13:38:54 EDT" name="getAPITest" finished-at="2020-06-18T13:38:54 EDT" duration-ms="204" status="PASS">
          <reporter-output>
          </reporter-output>
        </test-method> <!-- getAPITest -->
        <test-method signature="checkStatusCode()[pri:0, instance:com.deckofcardsapi.testcases.GetNewDeckAPITests@6a2f6f80]" started-at="2020-06-18T13:38:54 EDT" name="checkStatusCode" finished-at="2020-06-18T13:38:54 EDT" duration-ms="3" status="PASS">
          <reporter-output>
          </reporter-output>
        </test-method> <!-- checkStatusCode -->
        <test-method is-config="true" signature="teardown()[pri:0, instance:com.deckofcardsapi.testcases.GetNewDeckAPITests@6a2f6f80]" started-at="2020-06-18T13:38:54 EDT" name="teardown" finished-at="2020-06-18T13:38:54 EDT" duration-ms="2" status="PASS">
          <reporter-output>
          </reporter-output>
        </test-method> <!-- teardown -->
      </class> <!-- com.deckofcardsapi.testcases.GetNewDeckAPITests -->
      <class name="com.deckofcardsapi.testcases.GetDrawCardsAPITests">
        <test-method is-config="true" signature="setup()[pri:0, instance:com.deckofcardsapi.testcases.GetDrawCardsAPITests@45b4c3a9]" started-at="2020-06-18T13:38:54 EDT" name="setup" finished-at="2020-06-18T13:38:54 EDT" duration-ms="5" status="PASS">
          <reporter-output>
          </reporter-output>
        </test-method> <!-- setup -->
        <test-method is-config="true" signature="getAPITest()[pri:0, instance:com.deckofcardsapi.testcases.GetDrawCardsAPITests@45b4c3a9]" started-at="2020-06-18T13:38:54 EDT" name="getAPITest" finished-at="2020-06-18T13:38:55 EDT" duration-ms="212" status="PASS">
          <reporter-output>
          </reporter-output>
        </test-method> <!-- getAPITest -->
        <test-method signature="checkResponseKeyAndValue()[pri:0, instance:com.deckofcardsapi.testcases.GetDrawCardsAPITests@45b4c3a9]" started-at="2020-06-18T13:38:55 EDT" name="checkResponseKeyAndValue" finished-at="2020-06-18T13:38:55 EDT" duration-ms="48" status="PASS">
          <reporter-output>
          </reporter-output>
        </test-method> <!-- checkResponseKeyAndValue -->
      </class> <!-- com.deckofcardsapi.testcases.GetDrawCardsAPITests -->
    </test> <!-- APITest -->
  </suite> <!-- APISuite -->
</testng-results>
